<?xml version="1.0" encoding="UTF-8"?>
<testsuite xmlns:xsi="http://www.w3.org/2001/XMLSchema-instance" xsi:noNamespaceSchemaLocation="https://maven.apache.org/surefire/maven-surefire-plugin/xsd/surefire-test-report-3.0.xsd" version="3.0" name="com.nt.service.BankLoanServiceTest" time="2.133" tests="4" errors="0" skipped="1" failures="0">
  <properties>
[...]
</properties>
  <testcase name="testForNoException" classname="com.nt.service.BankLoanServiceTest" time="0.043">
    <system-out><![CDATA[BeforeEach
Test3.testForNoException()
]]></system-out>
  </testcase>
  <testcase name="testWithSmallNubers" classname="com.nt.service.BankLoanServiceTest" time="0.005">
    <system-out><![CDATA[Test2.testWithSmallNubers()
]]></system-out>
  </testcase>
  <testcase name="testWithTimer" classname="com.nt.service.BankLoanServiceTest" time="2.012">
    <system-out><![CDATA[Test4.testWithTimer()
]]></system-out>
  </testcase>
  <testcase name="testWithInvalidInputs" classname="com.nt.service.BankLoanServiceTest" time="0">
    <skipped message="public void com.nt.service.BankLoanServiceTest.testWithInvalidInputs() is @Disabled"/>
  </testcase>
</testsuite>